<?xml version="1.0" encoding="UTF-8"?>
<testng-results total="0" passed="0" failed="0" skipped="0">
  <reporter-output>
  </reporter-output>
  <suite started-at="2020-09-23T13:53:50Z" name="stepdefs.TestRunner" finished-at="2020-09-23T13:53:50Z" duration-ms="3">
    <groups>
    </groups>
    <test started-at="2020-09-23T13:53:50Z" name="Command line test" finished-at="2020-09-23T13:53:50Z" duration-ms="3">
    </test> <!-- Command line test -->
  </suite> <!-- stepdefs.TestRunner -->
</testng-results>
